# JRE version: OpenJDK Runtime Environment (11.0.10) (build 11.0.10+0-b96-7249189)
# Java VM: OpenJDK 64-Bit Server VM (11.0.10+0-b96-7249189, mixed mode, tiered, compressed oops, g1 gc, linux-amd64)
Heap:
 garbage-first heap   total 251904K, used 172885K [0x0000000080000000, 0x0000000100000000)
  region size 1024K, 95 young (97280K), 3 survivors (3072K)
 Metaspace       used 83067K, capacity 85109K, committed 85376K, reserved 1124352K
  class space    used 10611K, capacity 11271K, committed 11392K, reserved 1048576K
GC Heap History (20 events):
Event: 3.522 GC heap after
{Heap after GC invocations=6 (full 0):
 garbage-first heap   total 152576K, used 32430K [0x0000000080000000, 0x0000000100000000)
  region size 1024K, 7 young (7168K), 7 survivors (7168K)
 Metaspace       used 31117K, capacity 31806K, committed 32128K, reserved 1077248K
  class space    used 4127K, capacity 4393K, committed 4480K, reserved 1048576K
}
Event: 3.812 GC heap before
{Heap before GC invocations=6 (full 0):
 garbage-first heap   total 152576K, used 43694K [0x0000000080000000, 0x0000000100000000)
  region size 1024K, 20 young (20480K), 7 survivors (7168K)
 Metaspace       used 35016K, capacity 35740K, committed 35840K, reserved 1081344K
  class space    used 4542K, capacity 4832K, committed 4864K, reserved 1048576K
}
Event: 3.826 GC heap after
{Heap after GC invocations=7 (full 0):
 garbage-first heap   total 152576K, used 34452K [0x0000000080000000, 0x0000000100000000)
  region size 1024K, 7 young (7168K), 7 survivors (7168K)
 Metaspace       used 35016K, capacity 35740K, committed 35840K, reserved 1081344K
  class space    used 4542K, capacity 4832K, committed 4864K, reserved 1048576K
}
Event: 4.773 GC heap before
{Heap before GC invocations=8 (full 0):
 garbage-first heap   total 152576K, used 107156K [0x0000000080000000, 0x0000000100000000)
  region size 1024K, 67 young (68608K), 7 survivors (7168K)
 Metaspace       used 41413K, capacity 42433K, committed 42496K, reserved 1085440K
  class space    used 5216K, capacity 5588K, committed 5632K, reserved 1048576K
}
Event: 4.807 GC heap after
{Heap after GC invocations=9 (full 0):
 garbage-first heap   total 152576K, used 48403K [0x0000000080000000, 0x0000000100000000)
  region size 1024K, 8 young (8192K), 8 survivors (8192K)
 Metaspace       used 41413K, capacity 42433K, committed 42496K, reserved 1085440K
  class space    used 5216K, capacity 5588K, committed 5632K, reserved 1048576K
}
Event: 5.704 GC heap before
{Heap before GC invocations=9 (full 0):
 garbage-first heap   total 152576K, used 104723K [0x0000000080000000, 0x0000000100000000)
  region size 1024K, 63 young (64512K), 8 survivors (8192K)
 Metaspace       used 44990K, capacity 46205K, committed 46464K, reserved 1089536K
  class space    used 5806K, capacity 6223K, committed 6272K, reserved 1048576K
}
Event: 5.743 GC heap after
{Heap after GC invocations=10 (full 0):
 garbage-first heap   total 152576K, used 52100K [0x0000000080000000, 0x0000000100000000)
  region size 1024K, 5 young (5120K), 5 survivors (5120K)
 Metaspace       used 44990K, capacity 46205K, committed 46464K, reserved 1089536K
  class space    used 5806K, capacity 6223K, committed 6272K, reserved 1048576K
}
Event: 6.744 GC heap before
{Heap before GC invocations=10 (full 0):
 garbage-first heap   total 152576K, used 111492K [0x0000000080000000, 0x0000000100000000)
  region size 1024K, 61 young (62464K), 5 survivors (5120K)
 Metaspace       used 48280K, capacity 49733K, committed 50048K, reserved 1093632K
  class space    used 6203K, capacity 6669K, committed 6784K, reserved 1048576K
}
Event: 6.754 GC heap after
{Heap after GC invocations=11 (full 0):
 garbage-first heap   total 152576K, used 61997K [0x0000000080000000, 0x0000000100000000)
  region size 1024K, 8 young (8192K), 8 survivors (8192K)
 Metaspace       used 48280K, capacity 49733K, committed 50048K, reserved 1093632K
  class space    used 6203K, capacity 6669K, committed 6784K, reserved 1048576K
}
Event: 7.599 GC heap before
{Heap before GC invocations=11 (full 0):
 garbage-first heap   total 152576K, used 113197K [0x0000000080000000, 0x0000000100000000)
  region size 1024K, 58 young (59392K), 8 survivors (8192K)
 Metaspace       used 55386K, capacity 56871K, committed 57088K, reserved 1099776K
  class space    used 7090K, capacity 7596K, committed 7680K, reserved 1048576K
}
Event: 7.612 GC heap after
{Heap after GC invocations=12 (full 0):
 garbage-first heap   total 209920K, used 64084K [0x0000000080000000, 0x0000000100000000)
  region size 1024K, 2 young (2048K), 2 survivors (2048K)
 Metaspace       used 55386K, capacity 56871K, committed 57088K, reserved 1099776K
  class space    used 7090K, capacity 7596K, committed 7680K, reserved 1048576K
}
Event: 8.028 GC heap before
{Heap before GC invocations=12 (full 0):
 garbage-first heap   total 209920K, used 94804K [0x0000000080000000, 0x0000000100000000)
  region size 1024K, 34 young (34816K), 2 survivors (2048K)
 Metaspace       used 58491K, capacity 59951K, committed 60160K, reserved 1101824K
  class space    used 7470K, capacity 7977K, committed 8064K, reserved 1048576K
}
Event: 8.042 GC heap after
{Heap after GC invocations=13 (full 0):
 garbage-first heap   total 209920K, used 67116K [0x0000000080000000, 0x0000000100000000)
  region size 1024K, 5 young (5120K), 5 survivors (5120K)
 Metaspace       used 58491K, capacity 59951K, committed 60160K, reserved 1101824K
  class space    used 7470K, capacity 7977K, committed 8064K, reserved 1048576K
}
Event: 9.105 GC heap before
{Heap before GC invocations=14 (full 0):
 garbage-first heap   total 209920K, used 137772K [0x0000000080000000, 0x0000000100000000)
  region size 1024K, 73 young (74752K), 5 survivors (5120K)
 Metaspace       used 64719K, capacity 66396K, committed 66944K, reserved 1107968K
  class space    used 8423K, capacity 8962K, committed 9088K, reserved 1048576K
}
Event: 9.131 GC heap after
{Heap after GC invocations=15 (full 0):
 garbage-first heap   total 209920K, used 71938K [0x0000000080000000, 0x0000000100000000)
  region size 1024K, 10 young (10240K), 10 survivors (10240K)
 Metaspace       used 64719K, capacity 66396K, committed 66944K, reserved 1107968K
  class space    used 8423K, capacity 8962K, committed 9088K, reserved 1048576K
}
Event: 10.116 GC heap before
{Heap before GC invocations=15 (full 0):
 garbage-first heap   total 209920K, used 142594K [0x0000000080000000, 0x0000000100000000)
  region size 1024K, 79 young (80896K), 10 survivors (10240K)
 Metaspace       used 70748K, capacity 72473K, committed 72832K, reserved 1112064K
  class space    used 9164K, capacity 9738K, committed 9856K, reserved 1048576K
}
Event: 10.137 GC heap after
{Heap after GC invocations=16 (full 0):
 garbage-first heap   total 209920K, used 76438K [0x0000000080000000, 0x0000000100000000)
  region size 1024K, 10 young (10240K), 10 survivors (10240K)
 Metaspace       used 70748K, capacity 72473K, committed 72832K, reserved 1112064K
  class space    used 9164K, capacity 9738K, committed 9856K, reserved 1048576K
}
Event: 11.233 GC heap before
{Heap before GC invocations=16 (full 0):
 garbage-first heap   total 209920K, used 149142K [0x0000000080000000, 0x0000000100000000)
  region size 1024K, 80 young (81920K), 10 survivors (10240K)
 Metaspace       used 77946K, capacity 79926K, committed 80000K, reserved 1118208K
  class space    used 10019K, capacity 10621K, committed 10624K, reserved 1048576K
}
Event: 11.254 GC heap after
{Heap after GC invocations=17 (full 0):
 garbage-first heap   total 251904K, used 78677K [0x0000000080000000, 0x0000000100000000)
  region size 1024K, 7 young (7168K), 7 survivors (7168K)
 Metaspace       used 77946K, capacity 79926K, committed 80000K, reserved 1118208K
  class space    used 10019K, capacity 10621K, committed 10624K, reserved 1048576K
}
Event: 12.436 GC heap before
{Heap before GC invocations=17 (full 0):
 garbage-first heap   total 251904K, used 171861K [0x0000000080000000, 0x0000000100000000)
  region size 1024K, 99 young (101376K), 7 survivors (7168K)
 Metaspace       used 83067K, capacity 85109K, committed 85376K, reserved 1124352K
  class space    used 10611K, capacity 11271K, committed 11392K, reserved 1048576K
}

