# JRE version: OpenJDK Runtime Environment (8.0_302-b08) (build 1.8.0_302-b08)
# Java VM: OpenJDK 64-Bit Server VM (25.302-b08 mixed mode linux-amd64 compressed oops)
Heap:
 PSYoungGen      total 205824K, used 92183K [0x00000000e0000000, 0x00000000edb80000, 0x0000000100000000)
  eden space 197120K, 43% used [0x00000000e0000000,0x00000000e53e92a0,0x00000000ec080000)
  from space 8704K, 71% used [0x00000000ed300000,0x00000000ed91c990,0x00000000edb80000)
  to   space 13824K, 0% used [0x00000000ec080000,0x00000000ec080000,0x00000000ece00000)
 ParOldGen       total 62976K, used 16810K [0x00000000a0000000, 0x00000000a3d80000, 0x00000000e0000000)
  object space 62976K, 26% used [0x00000000a0000000,0x00000000a106ab68,0x00000000a3d80000)
 Metaspace       used 33960K, capacity 34694K, committed 34816K, reserved 1079296K
  class space    used 4671K, capacity 4855K, committed 4864K, reserved 1048576K
GC Heap History (10 events):
Event: 10.576 GC heap before
{Heap before GC invocations=7 (full 1):
 PSYoungGen      total 68608K, used 63488K [0x00000000e0000000, 0x00000000e9500000, 0x0000000100000000)
  eden space 63488K, 100% used [0x00000000e0000000,0x00000000e3e00000,0x00000000e3e00000)
  from space 5120K, 0% used [0x00000000e3e00000,0x00000000e3e00000,0x00000000e4300000)
  to   space 12800K, 0% used [0x00000000e8880000,0x00000000e8880000,0x00000000e9500000)
 ParOldGen       total 62976K, used 11591K [0x00000000a0000000, 0x00000000a3d80000, 0x00000000e0000000)
  object space 62976K, 18% used [0x00000000a0000000,0x00000000a0b51eb8,0x00000000a3d80000)
 Metaspace       used 29485K, capacity 30078K, committed 30336K, reserved 1075200K
  class space    used 4002K, capacity 4184K, committed 4224K, reserved 1048576K
Event: 10.603 GC heap after
Heap after GC invocations=7 (full 1):
 PSYoungGen      total 110080K, used 9058K [0x00000000e0000000, 0x00000000e9180000, 0x0000000100000000)
  eden space 100864K, 0% used [0x00000000e0000000,0x00000000e0000000,0x00000000e6280000)
  from space 9216K, 98% used [0x00000000e8880000,0x00000000e9158bd8,0x00000000e9180000)
  to   space 12800K, 0% used [0x00000000e7880000,0x00000000e7880000,0x00000000e8500000)
 ParOldGen       total 62976K, used 11599K [0x00000000a0000000, 0x00000000a3d80000, 0x00000000e0000000)
  object space 62976K, 18% used [0x00000000a0000000,0x00000000a0b53eb8,0x00000000a3d80000)
 Metaspace       used 29485K, capacity 30078K, committed 30336K, reserved 1075200K
  class space    used 4002K, capacity 4184K, committed 4224K, reserved 1048576K
}
Event: 13.046 GC heap before
{Heap before GC invocations=8 (full 1):
 PSYoungGen      total 110080K, used 109922K [0x00000000e0000000, 0x00000000e9180000, 0x0000000100000000)
  eden space 100864K, 100% used [0x00000000e0000000,0x00000000e6280000,0x00000000e6280000)
  from space 9216K, 98% used [0x00000000e8880000,0x00000000e9158bd8,0x00000000e9180000)
  to   space 12800K, 0% used [0x00000000e7880000,0x00000000e7880000,0x00000000e8500000)
 ParOldGen       total 62976K, used 11599K [0x00000000a0000000, 0x00000000a3d80000, 0x00000000e0000000)
  object space 62976K, 18% used [0x00000000a0000000,0x00000000a0b53eb8,0x00000000a3d80000)
 Metaspace       used 32927K, capacity 33540K, committed 33792K, reserved 1079296K
  class space    used 4573K, capacity 4755K, committed 4864K, reserved 1048576K
Event: 13.065 GC heap after
Heap after GC invocations=8 (full 1):
 PSYoungGen      total 136192K, used 9845K [0x00000000e0000000, 0x00000000eb280000, 0x0000000100000000)
  eden space 123392K, 0% used [0x00000000e0000000,0x00000000e0000000,0x00000000e7880000)
  from space 12800K, 76% used [0x00000000e7880000,0x00000000e821d7d8,0x00000000e8500000)
  to   space 13312K, 0% used [0x00000000ea580000,0x00000000ea580000,0x00000000eb280000)
 ParOldGen       total 62976K, used 11607K [0x00000000a0000000, 0x00000000a3d80000, 0x00000000e0000000)
  object space 62976K, 18% used [0x00000000a0000000,0x00000000a0b55eb8,0x00000000a3d80000)
 Metaspace       used 32927K, capacity 33540K, committed 33792K, reserved 1079296K
  class space    used 4573K, capacity 4755K, committed 4864K, reserved 1048576K
}
Event: 14.855 GC heap before
{Heap before GC invocations=9 (full 1):
 PSYoungGen      total 136192K, used 133237K [0x00000000e0000000, 0x00000000eb280000, 0x0000000100000000)
  eden space 123392K, 100% used [0x00000000e0000000,0x00000000e7880000,0x00000000e7880000)
  from space 12800K, 76% used [0x00000000e7880000,0x00000000e821d7d8,0x00000000e8500000)
  to   space 13312K, 0% used [0x00000000ea580000,0x00000000ea580000,0x00000000eb280000)
 ParOldGen       total 62976K, used 11607K [0x00000000a0000000, 0x00000000a3d80000, 0x00000000e0000000)
  object space 62976K, 18% used [0x00000000a0000000,0x00000000a0b55eb8,0x00000000a3d80000)
 Metaspace       used 32928K, capacity 33540K, committed 33792K, reserved 1079296K
  class space    used 4573K, capacity 4755K, committed 4864K, reserved 1048576K
Event: 14.879 GC heap after
Heap after GC invocations=9 (full 1):
 PSYoungGen      total 168960K, used 10282K [0x00000000e0000000, 0x00000000ed480000, 0x0000000100000000)
  eden space 155648K, 0% used [0x00000000e0000000,0x00000000e0000000,0x00000000e9800000)
  from space 13312K, 77% used [0x00000000ea580000,0x00000000eaf8aa20,0x00000000eb280000)
  to   space 13824K, 0% used [0x00000000e9800000,0x00000000e9800000,0x00000000ea580000)
 ParOldGen       total 62976K, used 11615K [0x00000000a0000000, 0x00000000a3d80000, 0x00000000e0000000)
  object space 62976K, 18% used [0x00000000a0000000,0x00000000a0b57eb8,0x00000000a3d80000)
 Metaspace       used 32928K, capacity 33540K, committed 33792K, reserved 1079296K
  class space    used 4573K, capacity 4755K, committed 4864K, reserved 1048576K
}
Event: 18.278 GC heap before
{Heap before GC invocations=10 (full 1):
 PSYoungGen      total 168960K, used 165930K [0x00000000e0000000, 0x00000000ed480000, 0x0000000100000000)
  eden space 155648K, 100% used [0x00000000e0000000,0x00000000e9800000,0x00000000e9800000)
  from space 13312K, 77% used [0x00000000ea580000,0x00000000eaf8aa20,0x00000000eb280000)
  to   space 13824K, 0% used [0x00000000e9800000,0x00000000e9800000,0x00000000ea580000)
 ParOldGen       total 62976K, used 11615K [0x00000000a0000000, 0x00000000a3d80000, 0x00000000e0000000)
  object space 62976K, 18% used [0x00000000a0000000,0x00000000a0b57eb8,0x00000000a3d80000)
 Metaspace       used 33452K, capacity 34084K, committed 34304K, reserved 1079296K
  class space    used 4621K, capacity 4806K, committed 4864K, reserved 1048576K
Event: 18.294 GC heap after
Heap after GC invocations=10 (full 1):
 PSYoungGen      total 169472K, used 2771K [0x00000000e0000000, 0x00000000ee100000, 0x0000000100000000)
  eden space 155648K, 0% used [0x00000000e0000000,0x00000000e0000000,0x00000000e9800000)
  from space 13824K, 20% used [0x00000000e9800000,0x00000000e9ab4e20,0x00000000ea580000)
  to   space 14336K, 0% used [0x00000000ed300000,0x00000000ed300000,0x00000000ee100000)
 ParOldGen       total 62976K, used 15555K [0x00000000a0000000, 0x00000000a3d80000, 0x00000000e0000000)
  object space 62976K, 24% used [0x00000000a0000000,0x00000000a0f30e68,0x00000000a3d80000)
 Metaspace       used 33452K, capacity 34084K, committed 34304K, reserved 1079296K
  class space    used 4621K, capacity 4806K, committed 4864K, reserved 1048576K
}
Event: 20.236 GC heap before
{Heap before GC invocations=11 (full 1):
 PSYoungGen      total 169472K, used 158419K [0x00000000e0000000, 0x00000000ee100000, 0x0000000100000000)
  eden space 155648K, 100% used [0x00000000e0000000,0x00000000e9800000,0x00000000e9800000)
  from space 13824K, 20% used [0x00000000e9800000,0x00000000e9ab4e20,0x00000000ea580000)
  to   space 14336K, 0% used [0x00000000ed300000,0x00000000ed300000,0x00000000ee100000)
 ParOldGen       total 62976K, used 15555K [0x00000000a0000000, 0x00000000a3d80000, 0x00000000e0000000)
  object space 62976K, 24% used [0x00000000a0000000,0x00000000a0f30e68,0x00000000a3d80000)
 Metaspace       used 33452K, capacity 34084K, committed 34304K, reserved 1079296K
  class space    used 4621K, capacity 4806K, committed 4864K, reserved 1048576K
Event: 20.243 GC heap after
Heap after GC invocations=11 (full 1):
 PSYoungGen      total 205824K, used 6258K [0x00000000e0000000, 0x00000000edb80000, 0x0000000100000000)
  eden space 197120K, 0% used [0x00000000e0000000,0x00000000e0000000,0x00000000ec080000)
  from space 8704K, 71% used [0x00000000ed300000,0x00000000ed91c990,0x00000000edb80000)
  to   space 13824K, 0% used [0x00000000ec080000,0x00000000ec080000,0x00000000ece00000)
 ParOldGen       total 62976K, used 16810K [0x00000000a0000000, 0x00000000a3d80000, 0x00000000e0000000)
  object space 62976K, 26% used [0x00000000a0000000,0x00000000a106ab68,0x00000000a3d80000)
 Metaspace       used 33452K, capacity 34084K, committed 34304K, reserved 1079296K
  class space    used 4621K, capacity 4806K, committed 4864K, reserved 1048576K
}

