# JRE version: OpenJDK Runtime Environment (8.0_302-b08) (build 1.8.0_302-b08)
# Java VM: OpenJDK 64-Bit Server VM (25.302-b08 mixed mode linux-amd64 compressed oops)
Heap:
 PSYoungGen      total 132096K, used 126976K [0x00000000d5580000, 0x00000000e6680000, 0x0000000100000000)
  eden space 126976K, 100% used [0x00000000d5580000,0x00000000dd180000,0x00000000dd180000)
  from space 5120K, 0% used [0x00000000dd180000,0x00000000dd180000,0x00000000dd680000)
  to   space 12800K, 47% used [0x00000000e5a00000,0x00000000e5fe0000,0x00000000e6680000)
 ParOldGen       total 1398272K, used 531056K [0x0000000080000000, 0x00000000d5580000, 0x00000000d5580000)
  object space 1398272K, 37% used [0x0000000080000000,0x00000000a069c080,0x00000000d5580000)
 Metaspace       used 32487K, capacity 33416K, committed 33456K, reserved 1077248K
  class space    used 4525K, capacity 4750K, committed 4784K, reserved 1048576K
GC Heap History (10 events):
Event: 0.387 GC heap after
Heap after GC invocations=2 (full 0):
 PSYoungGen      total 68608K, used 3837K [0x00000000d5580000, 0x00000000d9d80000, 0x0000000100000000)
  eden space 63488K, 0% used [0x00000000d5580000,0x00000000d5580000,0x00000000d9380000)
  from space 5120K, 74% used [0x00000000d9880000,0x00000000d9c3f7f0,0x00000000d9d80000)
  to   space 5120K, 0% used [0x00000000d9380000,0x00000000d9380000,0x00000000d9880000)
 ParOldGen       total 84992K, used 24K [0x0000000080000000, 0x0000000085300000, 0x00000000d5580000)
  object space 84992K, 0% used [0x0000000080000000,0x0000000080006000,0x0000000085300000)
 Metaspace       used 7643K, capacity 7926K, committed 8064K, reserved 1056768K
  class space    used 1000K, capacity 1109K, committed 1152K, reserved 1048576K
}
Event: 0.721 GC heap before
{Heap before GC invocations=3 (full 0):
 PSYoungGen      total 68608K, used 67325K [0x00000000d5580000, 0x00000000d9d80000, 0x0000000100000000)
  eden space 63488K, 100% used [0x00000000d5580000,0x00000000d9380000,0x00000000d9380000)
  from space 5120K, 74% used [0x00000000d9880000,0x00000000d9c3f7f0,0x00000000d9d80000)
  to   space 5120K, 0% used [0x00000000d9380000,0x00000000d9380000,0x00000000d9880000)
 ParOldGen       total 84992K, used 24K [0x0000000080000000, 0x0000000085300000, 0x00000000d5580000)
  object space 84992K, 0% used [0x0000000080000000,0x0000000080006000,0x0000000085300000)
 Metaspace       used 15717K, capacity 16300K, committed 16384K, reserved 1062912K
  class space    used 2117K, capacity 2300K, committed 2304K, reserved 1048576K
Event: 0.728 GC heap after
Heap after GC invocations=3 (full 0):
 PSYoungGen      total 68608K, used 5088K [0x00000000d5580000, 0x00000000ddb80000, 0x0000000100000000)
  eden space 63488K, 0% used [0x00000000d5580000,0x00000000d5580000,0x00000000d9380000)
  from space 5120K, 99% used [0x00000000d9380000,0x00000000d9878050,0x00000000d9880000)
  to   space 5120K, 0% used [0x00000000dd680000,0x00000000dd680000,0x00000000ddb80000)
 ParOldGen       total 84992K, used 4594K [0x0000000080000000, 0x0000000085300000, 0x00000000d5580000)
  object space 84992K, 5% used [0x0000000080000000,0x000000008047c960,0x0000000085300000)
 Metaspace       used 15717K, capacity 16300K, committed 16384K, reserved 1062912K
  class space    used 2117K, capacity 2300K, committed 2304K, reserved 1048576K
}
Event: 1.024 GC heap before
{Heap before GC invocations=4 (full 0):
 PSYoungGen      total 68608K, used 68576K [0x00000000d5580000, 0x00000000ddb80000, 0x0000000100000000)
  eden space 63488K, 100% used [0x00000000d5580000,0x00000000d9380000,0x00000000d9380000)
  from space 5120K, 99% used [0x00000000d9380000,0x00000000d9878050,0x00000000d9880000)
  to   space 5120K, 0% used [0x00000000dd680000,0x00000000dd680000,0x00000000ddb80000)
 ParOldGen       total 84992K, used 4594K [0x0000000080000000, 0x0000000085300000, 0x00000000d5580000)
  object space 84992K, 5% used [0x0000000080000000,0x000000008047c960,0x0000000085300000)
 Metaspace       used 20265K, capacity 20960K, committed 21296K, reserved 1067008K
  class space    used 2898K, capacity 3074K, committed 3120K, reserved 1048576K
Event: 1.035 GC heap after
Heap after GC invocations=4 (full 0):
 PSYoungGen      total 132096K, used 5108K [0x00000000d5580000, 0x00000000ddb80000, 0x0000000100000000)
  eden space 126976K, 0% used [0x00000000d5580000,0x00000000d5580000,0x00000000dd180000)
  from space 5120K, 99% used [0x00000000dd680000,0x00000000ddb7d050,0x00000000ddb80000)
  to   space 5120K, 0% used [0x00000000dd180000,0x00000000dd180000,0x00000000dd680000)
 ParOldGen       total 84992K, used 10646K [0x0000000080000000, 0x0000000085300000, 0x00000000d5580000)
  object space 84992K, 12% used [0x0000000080000000,0x0000000080a659d0,0x0000000085300000)
 Metaspace       used 20265K, capacity 20960K, committed 21296K, reserved 1067008K
  class space    used 2898K, capacity 3074K, committed 3120K, reserved 1048576K
}
Event: 1.048 GC heap before
{Heap before GC invocations=5 (full 0):
 PSYoungGen      total 132096K, used 9001K [0x00000000d5580000, 0x00000000ddb80000, 0x0000000100000000)
  eden space 126976K, 3% used [0x00000000d5580000,0x00000000d594d3d0,0x00000000dd180000)
  from space 5120K, 99% used [0x00000000dd680000,0x00000000ddb7d050,0x00000000ddb80000)
  to   space 5120K, 0% used [0x00000000dd180000,0x00000000dd180000,0x00000000dd680000)
 ParOldGen       total 84992K, used 10646K [0x0000000080000000, 0x0000000085300000, 0x00000000d5580000)
  object space 84992K, 12% used [0x0000000080000000,0x0000000080a659d0,0x0000000085300000)
 Metaspace       used 20445K, capacity 21120K, committed 21296K, reserved 1067008K
  class space    used 2926K, capacity 3106K, committed 3120K, reserved 1048576K
Event: 1.054 GC heap after
Heap after GC invocations=5 (full 0):
 PSYoungGen      total 132096K, used 5108K [0x00000000d5580000, 0x00000000e6680000, 0x0000000100000000)
  eden space 126976K, 0% used [0x00000000d5580000,0x00000000d5580000,0x00000000dd180000)
  from space 5120K, 99% used [0x00000000dd180000,0x00000000dd67d070,0x00000000dd680000)
  to   space 12800K, 0% used [0x00000000e5a00000,0x00000000e5a00000,0x00000000e6680000)
 ParOldGen       total 84992K, used 10813K [0x0000000080000000, 0x0000000085300000, 0x00000000d5580000)
  object space 84992K, 12% used [0x0000000080000000,0x0000000080a8f640,0x0000000085300000)
 Metaspace       used 20445K, capacity 21120K, committed 21296K, reserved 1067008K
  class space    used 2926K, capacity 3106K, committed 3120K, reserved 1048576K
}
Event: 1.054 GC heap before
{Heap before GC invocations=6 (full 1):
 PSYoungGen      total 132096K, used 5108K [0x00000000d5580000, 0x00000000e6680000, 0x0000000100000000)
  eden space 126976K, 0% used [0x00000000d5580000,0x00000000d5580000,0x00000000dd180000)
  from space 5120K, 99% used [0x00000000dd180000,0x00000000dd67d070,0x00000000dd680000)
  to   space 12800K, 0% used [0x00000000e5a00000,0x00000000e5a00000,0x00000000e6680000)
 ParOldGen       total 84992K, used 10813K [0x0000000080000000, 0x0000000085300000, 0x00000000d5580000)
  object space 84992K, 12% used [0x0000000080000000,0x0000000080a8f640,0x0000000085300000)
 Metaspace       used 20445K, capacity 21120K, committed 21296K, reserved 1067008K
  class space    used 2926K, capacity 3106K, committed 3120K, reserved 1048576K
Event: 1.087 GC heap after
Heap after GC invocations=6 (full 1):
 PSYoungGen      total 132096K, used 0K [0x00000000d5580000, 0x00000000e6680000, 0x0000000100000000)
  eden space 126976K, 0% used [0x00000000d5580000,0x00000000d5580000,0x00000000dd180000)
  from space 5120K, 0% used [0x00000000dd180000,0x00000000dd180000,0x00000000dd680000)
  to   space 12800K, 0% used [0x00000000e5a00000,0x00000000e5a00000,0x00000000e6680000)
 ParOldGen       total 53760K, used 6760K [0x0000000080000000, 0x0000000083480000, 0x00000000d5580000)
  object space 53760K, 12% used [0x0000000080000000,0x000000008069a068,0x0000000083480000)
 Metaspace       used 20445K, capacity 21120K, committed 21296K, reserved 1067008K
  class space    used 2926K, capacity 3106K, committed 3120K, reserved 1048576K
}
Event: 1.886 GC heap before
{Heap before GC invocations=7 (full 1):
 PSYoungGen      total 132096K, used 126976K [0x00000000d5580000, 0x00000000e6680000, 0x0000000100000000)
  eden space 126976K, 100% used [0x00000000d5580000,0x00000000dd180000,0x00000000dd180000)
  from space 5120K, 0% used [0x00000000dd180000,0x00000000dd180000,0x00000000dd680000)
  to   space 12800K, 0% used [0x00000000e5a00000,0x00000000e5a00000,0x00000000e6680000)
 ParOldGen       total 53760K, used 6760K [0x0000000080000000, 0x0000000083480000, 0x00000000d5580000)
  object space 53760K, 12% used [0x0000000080000000,0x000000008069a068,0x0000000083480000)
 Metaspace       used 32487K, capacity 33416K, committed 33456K, reserved 1077248K
  class space    used 4525K, capacity 4750K, committed 4784K, reserved 1048576K

