# JRE version: OpenJDK Runtime Environment (8.0_302-b08) (build 1.8.0_302-b08)
# Java VM: OpenJDK 64-Bit Server VM (25.302-b08 mixed mode linux-amd64 compressed oops)
Heap:
 PSYoungGen      total 599040K, used 37649K [0x00000000d5580000, 0x00000000fd880000, 0x0000000100000000)
  eden space 550912K, 0% used [0x00000000d5580000,0x00000000d5580000,0x00000000f6f80000)
  from space 48128K, 78% used [0x00000000fa280000,0x00000000fc744670,0x00000000fd180000)
  to   space 52224K, 0% used [0x00000000f6f80000,0x00000000f6f80000,0x00000000fa280000)
 ParOldGen       total 119808K, used 96788K [0x0000000080000000, 0x0000000087500000, 0x00000000d5580000)
  object space 119808K, 80% used [0x0000000080000000,0x0000000085e85130,0x0000000087500000)
 Metaspace       used 90017K, capacity 95218K, committed 95488K, reserved 1130496K
  class space    used 12555K, capacity 13513K, committed 13568K, reserved 1048576K
GC Heap History (10 events):
Event: 4.276 GC heap after
Heap after GC invocations=11 (full 2):
 PSYoungGen      total 390144K, used 19454K [0x00000000d5580000, 0x00000000f4c00000, 0x0000000100000000)
  eden space 370688K, 0% used [0x00000000d5580000,0x00000000d5580000,0x00000000ebf80000)
  from space 19456K, 99% used [0x00000000ebf80000,0x00000000ed27f8e0,0x00000000ed280000)
  to   space 23552K, 0% used [0x00000000f3500000,0x00000000f3500000,0x00000000f4c00000)
 ParOldGen       total 78848K, used 23771K [0x0000000080000000, 0x0000000084d00000, 0x00000000d5580000)
  object space 78848K, 30% used [0x0000000080000000,0x0000000081736d60,0x0000000084d00000)
 Metaspace       used 56737K, capacity 59032K, committed 59136K, reserved 1099776K
  class space    used 7926K, capacity 8401K, committed 8448K, reserved 1048576K
}
Event: 4.276 GC heap before
{Heap before GC invocations=12 (full 3):
 PSYoungGen      total 390144K, used 19454K [0x00000000d5580000, 0x00000000f4c00000, 0x0000000100000000)
  eden space 370688K, 0% used [0x00000000d5580000,0x00000000d5580000,0x00000000ebf80000)
  from space 19456K, 99% used [0x00000000ebf80000,0x00000000ed27f8e0,0x00000000ed280000)
  to   space 23552K, 0% used [0x00000000f3500000,0x00000000f3500000,0x00000000f4c00000)
 ParOldGen       total 78848K, used 23771K [0x0000000080000000, 0x0000000084d00000, 0x00000000d5580000)
  object space 78848K, 30% used [0x0000000080000000,0x0000000081736d60,0x0000000084d00000)
 Metaspace       used 56737K, capacity 59032K, committed 59136K, reserved 1099776K
  class space    used 7926K, capacity 8401K, committed 8448K, reserved 1048576K
Event: 4.414 GC heap after
Heap after GC invocations=12 (full 3):
 PSYoungGen      total 390144K, used 0K [0x00000000d5580000, 0x00000000f4c00000, 0x0000000100000000)
  eden space 370688K, 0% used [0x00000000d5580000,0x00000000d5580000,0x00000000ebf80000)
  from space 19456K, 0% used [0x00000000ebf80000,0x00000000ebf80000,0x00000000ed280000)
  to   space 23552K, 0% used [0x00000000f3500000,0x00000000f3500000,0x00000000f4c00000)
 ParOldGen       total 119808K, used 34867K [0x0000000080000000, 0x0000000087500000, 0x00000000d5580000)
  object space 119808K, 29% used [0x0000000080000000,0x000000008220cee8,0x0000000087500000)
 Metaspace       used 56722K, capacity 58984K, committed 59136K, reserved 1099776K
  class space    used 7921K, capacity 8393K, committed 8448K, reserved 1048576K
}
Event: 6.921 GC heap before
{Heap before GC invocations=13 (full 3):
 PSYoungGen      total 390144K, used 370688K [0x00000000d5580000, 0x00000000f4c00000, 0x0000000100000000)
  eden space 370688K, 100% used [0x00000000d5580000,0x00000000ebf80000,0x00000000ebf80000)
  from space 19456K, 0% used [0x00000000ebf80000,0x00000000ebf80000,0x00000000ed280000)
  to   space 23552K, 0% used [0x00000000f3500000,0x00000000f3500000,0x00000000f4c00000)
 ParOldGen       total 119808K, used 34867K [0x0000000080000000, 0x0000000087500000, 0x00000000d5580000)
  object space 119808K, 29% used [0x0000000080000000,0x000000008220cee8,0x0000000087500000)
 Metaspace       used 67839K, capacity 71198K, committed 71424K, reserved 1110016K
  class space    used 9518K, capacity 10136K, committed 10240K, reserved 1048576K
Event: 6.934 GC heap after
Heap after GC invocations=13 (full 3):
 PSYoungGen      total 472576K, used 18577K [0x00000000d5580000, 0x00000000f4780000, 0x0000000100000000)
  eden space 453632K, 0% used [0x00000000d5580000,0x00000000d5580000,0x00000000f1080000)
  from space 18944K, 98% used [0x00000000f3500000,0x00000000f47246c0,0x00000000f4780000)
  to   space 25088K, 0% used [0x00000000f1680000,0x00000000f1680000,0x00000000f2f00000)
 ParOldGen       total 119808K, used 34875K [0x0000000080000000, 0x0000000087500000, 0x00000000d5580000)
  object space 119808K, 29% used [0x0000000080000000,0x000000008220eee8,0x0000000087500000)
 Metaspace       used 67839K, capacity 71198K, committed 71424K, reserved 1110016K
  class space    used 9518K, capacity 10136K, committed 10240K, reserved 1048576K
}
Event: 9.079 GC heap before
{Heap before GC invocations=14 (full 3):
 PSYoungGen      total 472576K, used 472209K [0x00000000d5580000, 0x00000000f4780000, 0x0000000100000000)
  eden space 453632K, 100% used [0x00000000d5580000,0x00000000f1080000,0x00000000f1080000)
  from space 18944K, 98% used [0x00000000f3500000,0x00000000f47246c0,0x00000000f4780000)
  to   space 25088K, 0% used [0x00000000f1680000,0x00000000f1680000,0x00000000f2f00000)
 ParOldGen       total 119808K, used 35422K [0x0000000080000000, 0x0000000087500000, 0x00000000d5580000)
  object space 119808K, 29% used [0x0000000080000000,0x0000000082297af8,0x0000000087500000)
 Metaspace       used 79267K, capacity 83534K, committed 83584K, reserved 1120256K
  class space    used 11112K, capacity 11888K, committed 11904K, reserved 1048576K
Event: 9.153 GC heap after
Heap after GC invocations=14 (full 3):
 PSYoungGen      total 484864K, used 25083K [0x00000000d5580000, 0x00000000fd180000, 0x0000000100000000)
  eden space 459776K, 0% used [0x00000000d5580000,0x00000000d5580000,0x00000000f1680000)
  from space 25088K, 99% used [0x00000000f1680000,0x00000000f2efef20,0x00000000f2f00000)
  to   space 48128K, 0% used [0x00000000fa280000,0x00000000fa280000,0x00000000fd180000)
 ParOldGen       total 119808K, used 86967K [0x0000000080000000, 0x0000000087500000, 0x00000000d5580000)
  object space 119808K, 72% used [0x0000000080000000,0x00000000854edca0,0x0000000087500000)
 Metaspace       used 79267K, capacity 83534K, committed 83584K, reserved 1120256K
  class space    used 11112K, capacity 11888K, committed 11904K, reserved 1048576K
}
Event: 12.088 GC heap before
{Heap before GC invocations=15 (full 3):
 PSYoungGen      total 484864K, used 484859K [0x00000000d5580000, 0x00000000fd180000, 0x0000000100000000)
  eden space 459776K, 100% used [0x00000000d5580000,0x00000000f1680000,0x00000000f1680000)
  from space 25088K, 99% used [0x00000000f1680000,0x00000000f2efef20,0x00000000f2f00000)
  to   space 48128K, 0% used [0x00000000fa280000,0x00000000fa280000,0x00000000fd180000)
 ParOldGen       total 119808K, used 87345K [0x0000000080000000, 0x0000000087500000, 0x00000000d5580000)
  object space 119808K, 72% used [0x0000000080000000,0x000000008554c498,0x0000000087500000)
 Metaspace       used 90017K, capacity 95218K, committed 95488K, reserved 1130496K
  class space    used 12555K, capacity 13513K, committed 13568K, reserved 1048576K
Event: 12.139 GC heap after
Heap after GC invocations=15 (full 3):
 PSYoungGen      total 599040K, used 37649K [0x00000000d5580000, 0x00000000fd880000, 0x0000000100000000)
  eden space 550912K, 0% used [0x00000000d5580000,0x00000000d5580000,0x00000000f6f80000)
  from space 48128K, 78% used [0x00000000fa280000,0x00000000fc744670,0x00000000fd180000)
  to   space 52224K, 0% used [0x00000000f6f80000,0x00000000f6f80000,0x00000000fa280000)
 ParOldGen       total 119808K, used 96788K [0x0000000080000000, 0x0000000087500000, 0x00000000d5580000)
  object space 119808K, 80% used [0x0000000080000000,0x0000000085e85130,0x0000000087500000)
 Metaspace       used 90017K, capacity 95218K, committed 95488K, reserved 1130496K
  class space    used 12555K, capacity 13513K, committed 13568K, reserved 1048576K
}
Event: 12.139 GC heap before
{Heap before GC invocations=16 (full 4):
 PSYoungGen      total 599040K, used 37649K [0x00000000d5580000, 0x00000000fd880000, 0x0000000100000000)
  eden space 550912K, 0% used [0x00000000d5580000,0x00000000d5580000,0x00000000f6f80000)
  from space 48128K, 78% used [0x00000000fa280000,0x00000000fc744670,0x00000000fd180000)
  to   space 52224K, 0% used [0x00000000f6f80000,0x00000000f6f80000,0x00000000fa280000)
 ParOldGen       total 119808K, used 96788K [0x0000000080000000, 0x0000000087500000, 0x00000000d5580000)
  object space 119808K, 80% used [0x0000000080000000,0x0000000085e85130,0x0000000087500000)
 Metaspace       used 90017K, capacity 95218K, committed 95488K, reserved 1130496K
  class space    used 12555K, capacity 13513K, committed 13568K, reserved 1048576K

